cl : command line warning D9035: option 'Gm' has been deprecated and will be removed in a future release
  Spaceship.cpp
  main.cpp
  Explosion.cpp
  Bullet.cpp
  BonusLife.cpp
  Asteroids.cpp
  Asteroid.cpp
  Generating Code...
Asteroid.obj : warning LNK4075: ignoring '/EDITANDCONTINUE' due to '/SAFESEH' specification
  Asteroids.vcxproj -> C:\Users\spide\OneDrive\Documents\UNI\Year 3\Advanced Games Tech\Asteroids\bin\Asteroids.exe
  ..\..\assets\asteroid.shape
  ..\..\assets\asteroid1_fs.png
  ..\..\assets\bonusLife.png
  ..\..\assets\bullet.shape
  ..\..\assets\explosion_fs.png
  ..\..\assets\spaceship.shape
  ..\..\assets\spaceship_fs.png
  ..\..\assets\thruster.shape
          8 file(s) copied.
