c:\users\spide\downloads\coursework with title + life + ai\coursework with title + life + ai\vc\asteroids\debug\vc142.pdb
c:\users\spide\downloads\coursework with title + life + ai\coursework with title + life + ai\vc\asteroids\debug\vc142.idb
c:\users\spide\downloads\coursework with title + life + ai\coursework with title + life + ai\vc\asteroids\debug\asteroid.obj
c:\users\spide\downloads\coursework with title + life + ai\coursework with title + life + ai\vc\asteroids\debug\asteroids.obj
c:\users\spide\downloads\coursework with title + life + ai\coursework with title + life + ai\vc\asteroids\debug\bonuslife.obj
c:\users\spide\downloads\coursework with title + life + ai\coursework with title + life + ai\vc\asteroids\debug\bullet.obj
c:\users\spide\downloads\coursework with title + life + ai\coursework with title + life + ai\vc\asteroids\debug\explosion.obj
c:\users\spide\downloads\coursework with title + life + ai\coursework with title + life + ai\vc\asteroids\debug\main.obj
c:\users\spide\downloads\coursework with title + life + ai\coursework with title + life + ai\vc\asteroids\debug\spaceship.obj
c:\users\spide\onedrive\documents\uni\year 2\games tech\coursework\documented code\coursework with title + life + ai\vc\asteroids\debug\vc142.pdb
c:\users\spide\onedrive\documents\uni\year 2\games tech\coursework\documented code\coursework with title + life + ai\vc\asteroids\debug\vc142.idb
c:\users\spide\downloads\coursework with title + life + ai\coursework with title + life + ai\bin\asteroids.exe
c:\users\spide\downloads\coursework with title + life + ai\coursework with title + life + ai\bin\asteroids.ilk
c:\users\spide\downloads\coursework with title + life + ai\coursework with title + life + ai\vc\asteroids\debug\asteroids.pdb
c:\users\spide\onedrive\documents\uni\year 2\games tech\coursework\documented code\coursework with title + life + ai\vc\asteroids\debug\asteroid.obj
c:\users\spide\onedrive\documents\uni\year 2\games tech\coursework\documented code\coursework with title + life + ai\vc\asteroids\debug\asteroids.obj
c:\users\spide\onedrive\documents\uni\year 2\games tech\coursework\documented code\coursework with title + life + ai\vc\asteroids\debug\bonuslife.obj
c:\users\spide\onedrive\documents\uni\year 2\games tech\coursework\documented code\coursework with title + life + ai\vc\asteroids\debug\bullet.obj
c:\users\spide\onedrive\documents\uni\year 2\games tech\coursework\documented code\coursework with title + life + ai\vc\asteroids\debug\explosion.obj
c:\users\spide\onedrive\documents\uni\year 2\games tech\coursework\documented code\coursework with title + life + ai\vc\asteroids\debug\main.obj
c:\users\spide\onedrive\documents\uni\year 2\games tech\coursework\documented code\coursework with title + life + ai\vc\asteroids\debug\spaceship.obj
c:\users\spide\onedrive\documents\uni\year 2\games tech\coursework\documented code\coursework with title + life + ai\vc\asteroids\debug\asteroids.pdb
c:\users\spide\onedrive\documents\uni\year 2\games tech\coursework\documented code\coursework with title + life + ai\bin\asteroids.exe
c:\users\spide\onedrive\documents\uni\year 2\games tech\coursework\documented code\coursework with title + life + ai\vc\asteroids\debug\asteroids.tlog\cl.command.1.tlog
c:\users\spide\onedrive\documents\uni\year 2\games tech\coursework\documented code\coursework with title + life + ai\vc\asteroids\debug\asteroids.tlog\cl.read.1.tlog
c:\users\spide\onedrive\documents\uni\year 2\games tech\coursework\documented code\coursework with title + life + ai\vc\asteroids\debug\asteroids.tlog\cl.write.1.tlog
c:\users\spide\onedrive\documents\uni\year 2\games tech\coursework\documented code\coursework with title + life + ai\vc\asteroids\debug\asteroids.tlog\link.command.1.tlog
c:\users\spide\onedrive\documents\uni\year 2\games tech\coursework\documented code\coursework with title + life + ai\vc\asteroids\debug\asteroids.tlog\link.read.1.tlog
c:\users\spide\onedrive\documents\uni\year 2\games tech\coursework\documented code\coursework with title + life + ai\vc\asteroids\debug\asteroids.tlog\link.write.1.tlog
