c:\users\spide\downloads\coursework with title + life + ai\coursework with title + life + ai\vc\engine\debug\engine.pdb
c:\users\spide\downloads\coursework with title + life + ai\coursework with title + life + ai\vc\engine\debug\engine.idb
c:\users\spide\downloads\coursework with title + life + ai\coursework with title + life + ai\vc\engine\debug\gamedisplay.obj
c:\users\spide\downloads\coursework with title + life + ai\coursework with title + life + ai\vc\engine\debug\gameobject.obj
c:\users\spide\downloads\coursework with title + life + ai\coursework with title + life + ai\vc\engine\debug\gameobjecttype.obj
c:\users\spide\downloads\coursework with title + life + ai\coursework with title + life + ai\vc\engine\debug\gamesession.obj
c:\users\spide\downloads\coursework with title + life + ai\coursework with title + life + ai\vc\engine\debug\gamewindow.obj
c:\users\spide\downloads\coursework with title + life + ai\coursework with title + life + ai\vc\engine\debug\gameworld.obj
c:\users\spide\downloads\coursework with title + life + ai\coursework with title + life + ai\vc\engine\debug\glutsession.obj
c:\users\spide\downloads\coursework with title + life + ai\coursework with title + life + ai\vc\engine\debug\glutwindow.obj
c:\users\spide\downloads\coursework with title + life + ai\coursework with title + life + ai\vc\engine\debug\glvector.obj
c:\users\spide\downloads\coursework with title + life + ai\coursework with title + life + ai\vc\engine\debug\guicomponent.obj
c:\users\spide\downloads\coursework with title + life + ai\coursework with title + life + ai\vc\engine\debug\guicontainer.obj
c:\users\spide\downloads\coursework with title + life + ai\coursework with title + life + ai\vc\engine\debug\guiicon.obj
c:\users\spide\downloads\coursework with title + life + ai\coursework with title + life + ai\vc\engine\debug\guilabel.obj
c:\users\spide\downloads\coursework with title + life + ai\coursework with title + life + ai\vc\engine\debug\image.obj
c:\users\spide\downloads\coursework with title + life + ai\coursework with title + life + ai\vc\engine\debug\imagemanager.obj
c:\users\spide\downloads\coursework with title + life + ai\coursework with title + life + ai\vc\engine\debug\movementcontroller.obj
c:\users\spide\downloads\coursework with title + life + ai\coursework with title + life + ai\vc\engine\debug\shape.obj
c:\users\spide\downloads\coursework with title + life + ai\coursework with title + life + ai\vc\engine\debug\sprite.obj
c:\users\spide\downloads\coursework with title + life + ai\coursework with title + life + ai\vc\engine\debug\texture.obj
c:\users\spide\downloads\coursework with title + life + ai\coursework with title + life + ai\vc\engine\debug\texturemanager.obj
c:\users\spide\downloads\coursework with title + life + ai\coursework with title + life + ai\vc\engine\debug\animation.obj
c:\users\spide\downloads\coursework with title + life + ai\coursework with title + life + ai\vc\engine\debug\animationmanager.obj
c:\users\spide\onedrive\documents\uni\year 2\games tech\coursework\documented code\coursework with title + life + ai\vc\engine\debug\engine.pdb
c:\users\spide\onedrive\documents\uni\year 2\games tech\coursework\documented code\coursework with title + life + ai\vc\engine\debug\engine.idb
c:\users\spide\downloads\coursework with title + life + ai\coursework with title + life + ai\lib\engine.lib
c:\users\spide\onedrive\documents\uni\year 2\games tech\coursework\documented code\coursework with title + life + ai\vc\engine\debug\animation.obj
c:\users\spide\onedrive\documents\uni\year 2\games tech\coursework\documented code\coursework with title + life + ai\vc\engine\debug\animationmanager.obj
c:\users\spide\onedrive\documents\uni\year 2\games tech\coursework\documented code\coursework with title + life + ai\vc\engine\debug\gamedisplay.obj
c:\users\spide\onedrive\documents\uni\year 2\games tech\coursework\documented code\coursework with title + life + ai\vc\engine\debug\gameobject.obj
c:\users\spide\onedrive\documents\uni\year 2\games tech\coursework\documented code\coursework with title + life + ai\vc\engine\debug\gameobjecttype.obj
c:\users\spide\onedrive\documents\uni\year 2\games tech\coursework\documented code\coursework with title + life + ai\vc\engine\debug\gamesession.obj
c:\users\spide\onedrive\documents\uni\year 2\games tech\coursework\documented code\coursework with title + life + ai\vc\engine\debug\gamewindow.obj
c:\users\spide\onedrive\documents\uni\year 2\games tech\coursework\documented code\coursework with title + life + ai\vc\engine\debug\gameworld.obj
c:\users\spide\onedrive\documents\uni\year 2\games tech\coursework\documented code\coursework with title + life + ai\vc\engine\debug\glutsession.obj
c:\users\spide\onedrive\documents\uni\year 2\games tech\coursework\documented code\coursework with title + life + ai\vc\engine\debug\glutwindow.obj
c:\users\spide\onedrive\documents\uni\year 2\games tech\coursework\documented code\coursework with title + life + ai\vc\engine\debug\glvector.obj
c:\users\spide\onedrive\documents\uni\year 2\games tech\coursework\documented code\coursework with title + life + ai\vc\engine\debug\guicomponent.obj
c:\users\spide\onedrive\documents\uni\year 2\games tech\coursework\documented code\coursework with title + life + ai\vc\engine\debug\guicontainer.obj
c:\users\spide\onedrive\documents\uni\year 2\games tech\coursework\documented code\coursework with title + life + ai\vc\engine\debug\guiicon.obj
c:\users\spide\onedrive\documents\uni\year 2\games tech\coursework\documented code\coursework with title + life + ai\vc\engine\debug\guilabel.obj
c:\users\spide\onedrive\documents\uni\year 2\games tech\coursework\documented code\coursework with title + life + ai\vc\engine\debug\image.obj
c:\users\spide\onedrive\documents\uni\year 2\games tech\coursework\documented code\coursework with title + life + ai\vc\engine\debug\imagemanager.obj
c:\users\spide\onedrive\documents\uni\year 2\games tech\coursework\documented code\coursework with title + life + ai\vc\engine\debug\movementcontroller.obj
c:\users\spide\onedrive\documents\uni\year 2\games tech\coursework\documented code\coursework with title + life + ai\vc\engine\debug\shape.obj
c:\users\spide\onedrive\documents\uni\year 2\games tech\coursework\documented code\coursework with title + life + ai\vc\engine\debug\sprite.obj
c:\users\spide\onedrive\documents\uni\year 2\games tech\coursework\documented code\coursework with title + life + ai\vc\engine\debug\texture.obj
c:\users\spide\onedrive\documents\uni\year 2\games tech\coursework\documented code\coursework with title + life + ai\vc\engine\debug\texturemanager.obj
c:\users\spide\onedrive\documents\uni\year 2\games tech\coursework\documented code\coursework with title + life + ai\vc\asteroids\debug\..\..\..\lib\engine.pdb
c:\users\spide\onedrive\documents\uni\year 2\games tech\coursework\documented code\coursework with title + life + ai\lib\engine.lib
c:\users\spide\onedrive\documents\uni\year 2\games tech\coursework\documented code\coursework with title + life + ai\vc\engine\debug\engine.tlog\cl.command.1.tlog
c:\users\spide\onedrive\documents\uni\year 2\games tech\coursework\documented code\coursework with title + life + ai\vc\engine\debug\engine.tlog\cl.read.1.tlog
c:\users\spide\onedrive\documents\uni\year 2\games tech\coursework\documented code\coursework with title + life + ai\vc\engine\debug\engine.tlog\cl.write.1.tlog
c:\users\spide\onedrive\documents\uni\year 2\games tech\coursework\documented code\coursework with title + life + ai\vc\engine\debug\engine.tlog\lib-link.read.1.tlog
c:\users\spide\onedrive\documents\uni\year 2\games tech\coursework\documented code\coursework with title + life + ai\vc\engine\debug\engine.tlog\lib-link.write.1.tlog
c:\users\spide\onedrive\documents\uni\year 2\games tech\coursework\documented code\coursework with title + life + ai\vc\engine\debug\engine.tlog\lib.command.1.tlog
