cl : command line warning D9035: option 'Gm' has been deprecated and will be removed in a future release
  TextureManager.cpp
  Texture.cpp
  Sprite.cpp
  Shape.cpp
  MovementController.cpp
  ImageManager.cpp
  Image.cpp
  GUILabel.cpp
  GUIIcon.cpp
  GUIContainer.cpp
  GUIComponent.cpp
  GLVector.cpp
  GlutWindow.cpp
  GlutSession.cpp
  GameWorld.cpp
  GameWindow.cpp
  GameSession.cpp
  GameObjectType.cpp
  GameObject.cpp
  GameDisplay.cpp
  Generating Code...
  Compiling...
  AnimationManager.cpp
  Animation.cpp
  Generating Code...
  Engine.vcxproj -> C:\Users\spide\OneDrive\Documents\UNI\Year 3\Advanced Games Tech\Asteroids\lib\Engine.lib
